[Message:   BepInEx] BepInEx 5.4.19.0 - Timberborn (6/27/2022 10:21:29 PM)
[Info   :   BepInEx] Running under Unity v2021.2.14.15834644
[Info   :   BepInEx] CLR runtime version: 4.0.30319.42000
[Info   :   BepInEx] Supports SRE: True
[Info   :   BepInEx] System platform: Bits64, Windows
[Message:   BepInEx] Preloader started
[Info   :   BepInEx] Loaded 1 patcher method from [BepInEx.Preloader 5.4.19.0]
[Info   :   BepInEx] 1 patcher plugin loaded
[Info   :   BepInEx] Patching [UnityEngine.CoreModule] with [BepInEx.Chainloader]
[Message:   BepInEx] Preloader finished
[Message:   BepInEx] Chainloader ready
[Message:   BepInEx] Chainloader started
[Info   :   BepInEx] 2 plugins to load
[Info   :   BepInEx] Loading [TimberAPI 0.4.0]
[Info   : TimberAPI] Creating new asset area with prefix: timberApi
[Info   : TimberAPI] Asset timberApi/timber_api found
[Info   : TimberAPI] Prefix timberApi, assets: 1
[Info   : TimberAPI] TimberAPI is loaded!
[Info   :   BepInEx] Loading [MyFirstAnimation 1.0.0]
[Info   :MyFirstAnimation] Loaded MyFirstAnimation Version: 1.0.0!
[Info   : TimberAPI] Creating new asset area with prefix: Tobbert.MyFirstAnimation
[Info   : TimberAPI] Asset Tobbert.MyFirstAnimation/tobbert_animation found
[Info   : TimberAPI] Prefix Tobbert.MyFirstAnimation, assets: 1
[Message:   BepInEx] Chainloader startup complete
[Info   : Unity Log] Starting game version 0.2.1.0-73b43cf-xsw
[Info   : Unity Log] System info:
System: Windows 10  (10.0.19043) 64bit
CPU: AMD Ryzen 9 5900X 12-Core Processor 
GPU: AMD Radeon RX 6900 XT
GPU memory: 16337MB
RAM: 32708MB
Drives:
  C:\ 76.75GB free from 930.90GB
  D:\ 485.68GB free from 596.17GB
  R:\ 1548.83GB free from 3572.56GB
  S:\ 5032.64GB free from 7330.43GB
  T:\ 1548.83GB free from 3572.56GB
  U:\ 1548.83GB free from 3572.56GB
  V:\ 1548.83GB free from 3572.56GB
  W:\ 1548.83GB free from 3572.56GB
  X:\ 1548.83GB free from 3572.56GB
  Y:\ 5032.64GB free from 7330.43GB
  Z:\ 5032.64GB free from 7330.43GB

[Info   : Unity Log] Modded: true, BepInEx
[Info   : TimberAPI] Loading scene: Global, prefixes in scene: timberApi,Tobbert.MyFirstAnimation
[Info   : TimberAPI] Loading scene: MainMenu, prefixes in scene: 
[Info   : TimberAPI] Initialized configurators for Global (First)
[Info   : TimberAPI] Initialized configurators for MainMenu (First)
[Info   : TimberAPI] Initialized configurators for Global (Last)
[Info   : TimberAPI] Initialized configurators for MainMenu (Last)
[Info   : Unity Log] Successfully connected to the Steam client.
[Info   : TimberAPI] Loaded 0 custom labels
